<?xml version="1.0" encoding="UTF-8"?>
<!-- Generated by org.testng.reporters.JUnitReportReporter -->
<testsuite hostname="Aashish" failures="0" tests="1" name="testng.NewTest1" time="7.820" errors="0" timestamp="2023-02-23T15:49:39 CST" skipped="0">
  <testcase classname="testng.NewTest1" name="f" time="7.820"/>
  <system-out/>
</testsuite> <!-- testng.NewTest1 -->
